<?xml version="1.0" encoding="UTF-8"?>
<!-- Generated by org.testng.reporters.JUnitXMLReporter -->
<testsuite ignored="2" hostname="PE-HO-507" failures="0" tests="1" name="Default test" time="64.729" errors="0" timestamp="2022-10-19T21:29:33 COT">
  <testcase classname="Test_AsignacionVigencia.AsignacionVigencia_Test" name="SeleccionarVigencia" time="62.701"/>
  <testcase classname="Test_AsignacionVigencia.AsignacionVigencia_Test" name="inicioDeSesion_Test" time="0.0">
    <ignored/>
  </testcase> <!-- inicioDeSesion_Test -->
  <testcase classname="Test_AsignacionVigencia.AsignacionVigencia_Test" name="AccederModuloVigencia" time="0.0">
    <ignored/>
  </testcase> <!-- AccederModuloVigencia -->
</testsuite> <!-- Default test -->
