<?xml version="1.0" encoding="UTF-8"?>
<testng-results ignored="0" total="1" passed="1" failed="0" skipped="0">
  <reporter-output>
  </reporter-output>
  <suite started-at="2022-10-19T12:14:18 COT" name="Default suite" finished-at="2022-10-19T12:15:15 COT" duration-ms="56982">
    <groups>
    </groups>
    <test started-at="2022-10-19T12:14:18 COT" name="Default test" finished-at="2022-10-19T12:15:15 COT" duration-ms="56982">
      <class name="Test_AsignacionVigencia.AsignacionVigencia_Test">
        <test-method is-config="true" signature="inicializar(java.lang.String)[pri:0, instance:Test_AsignacionVigencia.AsignacionVigencia_Test@2eae8e6e]" started-at="2022-10-19T12:14:18 COT" name="inicializar" finished-at="2022-10-19T12:14:22 COT" duration-ms="3798" status="PASS">
          <params>
            <param index="0">
              <value>
                <![CDATA[Chrome]]>
              </value>
            </param>
          </params>
          <reporter-output>
          </reporter-output>
        </test-method> <!-- inicializar -->
        <test-method signature="inicioDeSesion_Test()[pri:0, instance:Test_AsignacionVigencia.AsignacionVigencia_Test@2eae8e6e]" started-at="2022-10-19T12:14:22 COT" name="inicioDeSesion_Test" finished-at="2022-10-19T12:15:14 COT" duration-ms="52718" status="PASS">
          <reporter-output>
          </reporter-output>
        </test-method> <!-- inicioDeSesion_Test -->
        <test-method is-config="true" signature="tearDown()[pri:0, instance:Test_AsignacionVigencia.AsignacionVigencia_Test@2eae8e6e]" started-at="2022-10-19T12:15:14 COT" name="tearDown" finished-at="2022-10-19T12:15:15 COT" duration-ms="368" status="PASS">
          <reporter-output>
          </reporter-output>
        </test-method> <!-- tearDown -->
      </class> <!-- Test_AsignacionVigencia.AsignacionVigencia_Test -->
    </test> <!-- Default test -->
  </suite> <!-- Default suite -->
</testng-results>
